----------------------------------------------------------------------
----------------------------------------------------------------------
----------------------------------------------------------------------
----------------------------------------------------------------------
----------------------------------------------------------------------



------------------------------------------------------------------------
------------------------------------------------------------------------
-----------------------  IMAGE SUPER RESOLUTION  -----------------------
------------------------------------------------------------------------
------------------------------------------------------------------------




------------------------------------------------------------------------
------------------------------------------------------------------------
-----------------------  BILINEAR INTERPOLATION  -----------------------
------------------------------------------------------------------------
------------------------------------------------------------------------


AVG SSIM: 0.5809663123496183, AVG LPIPS: 0.07588084639709369


-------------------------------------------------------------------
-------------------------------------------------------------------
-----------------------  NEAREST NEIGHBOUR  -----------------------
-------------------------------------------------------------------
-------------------------------------------------------------------


AVG SSIM: 0.5660319087821697, AVG LPIPS: 0.07160389456911806
----------------------------------------------------------------------
----------------------------------------------------------------------
----------------------------------------------------------------------
----------------------------------------------------------------------
----------------------------------------------------------------------



------------------------------------------------------------------------
------------------------------------------------------------------------
-----------------------  IMAGE SUPER RESOLUTION  -----------------------
------------------------------------------------------------------------
------------------------------------------------------------------------


----------------------------------------------------------------------
----------------------------------------------------------------------
----------------------------------------------------------------------
----------------------------------------------------------------------
----------------------------------------------------------------------



------------------------------------------------------------------------
------------------------------------------------------------------------
-----------------------  IMAGE SUPER RESOLUTION  -----------------------
------------------------------------------------------------------------
------------------------------------------------------------------------


----------------------------------------------------------------------
----------------------------------------------------------------------
----------------------------------------------------------------------
----------------------------------------------------------------------
----------------------------------------------------------------------



------------------------------------------------------------------------
------------------------------------------------------------------------
-----------------------  IMAGE SUPER RESOLUTION  -----------------------
------------------------------------------------------------------------
------------------------------------------------------------------------


----------------------------------------------------------------------
----------------------------------------------------------------------
----------------------------------------------------------------------
----------------------------------------------------------------------
----------------------------------------------------------------------



------------------------------------------------------------------------
------------------------------------------------------------------------
-----------------------  IMAGE SUPER RESOLUTION  -----------------------
------------------------------------------------------------------------
------------------------------------------------------------------------


----------------------------------------------------------------------
----------------------------------------------------------------------
----------------------------------------------------------------------
----------------------------------------------------------------------
----------------------------------------------------------------------



------------------------------------------------------------------------
------------------------------------------------------------------------
-----------------------  IMAGE SUPER RESOLUTION  -----------------------
------------------------------------------------------------------------
------------------------------------------------------------------------




------------------------------------------------------------------------
------------------------------------------------------------------------
-----------------------  BILINEAR INTERPOLATION  -----------------------
------------------------------------------------------------------------
------------------------------------------------------------------------


AVG SSIM: 0.5809663123496183
AVG LPIPS: 0.08623706541337663
AVG PSNR: 22.337022238768277


-------------------------------------------------------------------
-------------------------------------------------------------------
-----------------------  NEAREST NEIGHBOUR  -----------------------
-------------------------------------------------------------------
-------------------------------------------------------------------


AVG SSIM: 0.5660319087821697
AVG LPIPS: 0.0778643089268209
AVG PSNR: 22.153024603145223
----------------------------------------------------------------------
----------------------------------------------------------------------
----------------------------------------------------------------------
----------------------------------------------------------------------
----------------------------------------------------------------------



------------------------------------------------------------------------
------------------------------------------------------------------------
-----------------------  IMAGE SUPER RESOLUTION  -----------------------
------------------------------------------------------------------------
------------------------------------------------------------------------


----------------------------------------------------------------------
----------------------------------------------------------------------
----------------------------------------------------------------------
----------------------------------------------------------------------
----------------------------------------------------------------------



------------------------------------------------------------------------
------------------------------------------------------------------------
-----------------------  IMAGE SUPER RESOLUTION  -----------------------
------------------------------------------------------------------------
------------------------------------------------------------------------


----------------------------------------------------------------------
----------------------------------------------------------------------
----------------------------------------------------------------------
----------------------------------------------------------------------
----------------------------------------------------------------------



------------------------------------------------------------------------
------------------------------------------------------------------------
-----------------------  IMAGE SUPER RESOLUTION  -----------------------
------------------------------------------------------------------------
------------------------------------------------------------------------


----------------------------------------------------------------------
----------------------------------------------------------------------
----------------------------------------------------------------------
----------------------------------------------------------------------
----------------------------------------------------------------------



------------------------------------------------------------------------
------------------------------------------------------------------------
-----------------------  IMAGE SUPER RESOLUTION  -----------------------
------------------------------------------------------------------------
------------------------------------------------------------------------


----------------------------------------------------------------------
----------------------------------------------------------------------
----------------------------------------------------------------------
----------------------------------------------------------------------
----------------------------------------------------------------------



------------------------------------------------------------------------
------------------------------------------------------------------------
-----------------------  IMAGE SUPER RESOLUTION  -----------------------
------------------------------------------------------------------------
------------------------------------------------------------------------


----------------------------------------------------------------------
----------------------------------------------------------------------
----------------------------------------------------------------------
----------------------------------------------------------------------
----------------------------------------------------------------------



------------------------------------------------------------------------
------------------------------------------------------------------------
-----------------------  IMAGE SUPER RESOLUTION  -----------------------
------------------------------------------------------------------------
------------------------------------------------------------------------




------------------------------------------------------------------------
------------------------------------------------------------------------
-----------------------  BILINEAR INTERPOLATION  -----------------------
------------------------------------------------------------------------
------------------------------------------------------------------------


AVG SSIM: 0.5809663123496183
AVG LPIPS: 0.13714311961637865
AVG PSNR: 22.337022238768277
----------------------------------------------------------------------
----------------------------------------------------------------------
----------------------------------------------------------------------
----------------------------------------------------------------------
----------------------------------------------------------------------



------------------------------------------------------------------------
------------------------------------------------------------------------
-----------------------  IMAGE SUPER RESOLUTION  -----------------------
------------------------------------------------------------------------
------------------------------------------------------------------------


DATE AND TIME OF EXCUTION: 28/02/2023 11:12:42
----------------------------------------------------------------------
----------------------------------------------------------------------
----------------------------------------------------------------------
----------------------------------------------------------------------
----------------------------------------------------------------------



------------------------------------------------------------------------
------------------------------------------------------------------------
-----------------------  IMAGE SUPER RESOLUTION  -----------------------
------------------------------------------------------------------------
------------------------------------------------------------------------


DATE AND TIME OF EXCUTION: 28/02/2023 11:15:15


------------------------------------------------------------------------
------------------------------------------------------------------------
-----------------------  BILINEAR INTERPOLATION  -----------------------
------------------------------------------------------------------------
------------------------------------------------------------------------


AVG SSIM: 0.5809663123496183
AVG LPIPS: 0.09528110751255166
AVG PSNR: 22.337022238768277


-------------------------------------------------------------------
-------------------------------------------------------------------
-----------------------  NEAREST NEIGHBOUR  -----------------------
-------------------------------------------------------------------
-------------------------------------------------------------------


AVG SSIM: 0.5660319087821697
AVG LPIPS: 0.09001733020920823
AVG PSNR: 22.153024603145223
----------------------------------------------------------------------
----------------------------------------------------------------------
----------------------------------------------------------------------
----------------------------------------------------------------------
----------------------------------------------------------------------



------------------------------------------------------------------------
------------------------------------------------------------------------
-----------------------  IMAGE SUPER RESOLUTION  -----------------------
------------------------------------------------------------------------
------------------------------------------------------------------------


DATE AND TIME OF EXCUTION: 07/03/2023 11:36:39
----------------------------------------------------------------------
----------------------------------------------------------------------
----------------------------------------------------------------------
----------------------------------------------------------------------
----------------------------------------------------------------------



------------------------------------------------------------------------
------------------------------------------------------------------------
-----------------------  IMAGE SUPER RESOLUTION  -----------------------
------------------------------------------------------------------------
------------------------------------------------------------------------


DATE AND TIME OF EXCUTION: 07/03/2023 11:37:09
----------------------------------------------------------------------
----------------------------------------------------------------------
----------------------------------------------------------------------
----------------------------------------------------------------------
----------------------------------------------------------------------



------------------------------------------------------------------------
------------------------------------------------------------------------
-----------------------  IMAGE SUPER RESOLUTION  -----------------------
------------------------------------------------------------------------
------------------------------------------------------------------------


DATE AND TIME OF EXCUTION: 07/03/2023 11:37:34
----------------------------------------------------------------------
----------------------------------------------------------------------
----------------------------------------------------------------------
----------------------------------------------------------------------
----------------------------------------------------------------------



------------------------------------------------------------------------
------------------------------------------------------------------------
-----------------------  IMAGE SUPER RESOLUTION  -----------------------
------------------------------------------------------------------------
------------------------------------------------------------------------


DATE AND TIME OF EXCUTION: 07/03/2023 11:38:35
----------------------------------------------------------------------
----------------------------------------------------------------------
----------------------------------------------------------------------
----------------------------------------------------------------------
----------------------------------------------------------------------



------------------------------------------------------------------------
------------------------------------------------------------------------
-----------------------  IMAGE SUPER RESOLUTION  -----------------------
------------------------------------------------------------------------
------------------------------------------------------------------------


DATE AND TIME OF EXCUTION: 07/03/2023 11:43:02
----------------------------------------------------------------------
----------------------------------------------------------------------
----------------------------------------------------------------------
----------------------------------------------------------------------
----------------------------------------------------------------------



------------------------------------------------------------------------
------------------------------------------------------------------------
-----------------------  IMAGE SUPER RESOLUTION  -----------------------
------------------------------------------------------------------------
------------------------------------------------------------------------


DATE AND TIME OF EXCUTION: 07/03/2023 11:44:08
----------------------------------------------------------------------
----------------------------------------------------------------------
----------------------------------------------------------------------
----------------------------------------------------------------------
----------------------------------------------------------------------



------------------------------------------------------------------------
------------------------------------------------------------------------
-----------------------  IMAGE SUPER RESOLUTION  -----------------------
------------------------------------------------------------------------
------------------------------------------------------------------------


DATE AND TIME OF EXCUTION: 07/03/2023 11:44:43
----------------------------------------------------------------------
----------------------------------------------------------------------
----------------------------------------------------------------------
----------------------------------------------------------------------
----------------------------------------------------------------------



------------------------------------------------------------------------
------------------------------------------------------------------------
-----------------------  IMAGE SUPER RESOLUTION  -----------------------
------------------------------------------------------------------------
------------------------------------------------------------------------


DATE AND TIME OF EXCUTION: 07/03/2023 11:45:10
----------------------------------------------------------------------
----------------------------------------------------------------------
----------------------------------------------------------------------
----------------------------------------------------------------------
----------------------------------------------------------------------



------------------------------------------------------------------------
------------------------------------------------------------------------
-----------------------  IMAGE SUPER RESOLUTION  -----------------------
------------------------------------------------------------------------
------------------------------------------------------------------------


DATE AND TIME OF EXCUTION: 07/03/2023 11:54:25
----------------------------------------------------------------------
----------------------------------------------------------------------
----------------------------------------------------------------------
----------------------------------------------------------------------
----------------------------------------------------------------------



------------------------------------------------------------------------
------------------------------------------------------------------------
-----------------------  IMAGE SUPER RESOLUTION  -----------------------
------------------------------------------------------------------------
------------------------------------------------------------------------


DATE AND TIME OF EXCUTION: 07/03/2023 13:06:20
----------------------------------------------------------------------
----------------------------------------------------------------------
----------------------------------------------------------------------
----------------------------------------------------------------------
----------------------------------------------------------------------



------------------------------------------------------------------------
------------------------------------------------------------------------
-----------------------  IMAGE SUPER RESOLUTION  -----------------------
------------------------------------------------------------------------
------------------------------------------------------------------------


DATE AND TIME OF EXCUTION: 07/03/2023 13:06:40
----------------------------------------------------------------------
----------------------------------------------------------------------
----------------------------------------------------------------------
----------------------------------------------------------------------
----------------------------------------------------------------------



------------------------------------------------------------------------
------------------------------------------------------------------------
-----------------------  IMAGE SUPER RESOLUTION  -----------------------
------------------------------------------------------------------------
------------------------------------------------------------------------


DATE AND TIME OF EXCUTION: 07/03/2023 13:08:25
----------------------------------------------------------------------
----------------------------------------------------------------------
----------------------------------------------------------------------
----------------------------------------------------------------------
----------------------------------------------------------------------



------------------------------------------------------------------------
------------------------------------------------------------------------
-----------------------  IMAGE SUPER RESOLUTION  -----------------------
------------------------------------------------------------------------
------------------------------------------------------------------------


DATE AND TIME OF EXCUTION: 07/03/2023 13:08:47
----------------------------------------------------------------------
----------------------------------------------------------------------
----------------------------------------------------------------------
----------------------------------------------------------------------
----------------------------------------------------------------------



------------------------------------------------------------------------
------------------------------------------------------------------------
-----------------------  IMAGE SUPER RESOLUTION  -----------------------
------------------------------------------------------------------------
------------------------------------------------------------------------


DATE AND TIME OF EXCUTION: 07/03/2023 13:09:45
----------------------------------------------------------------------
----------------------------------------------------------------------
----------------------------------------------------------------------
----------------------------------------------------------------------
----------------------------------------------------------------------



------------------------------------------------------------------------
------------------------------------------------------------------------
-----------------------  IMAGE SUPER RESOLUTION  -----------------------
------------------------------------------------------------------------
------------------------------------------------------------------------


DATE AND TIME OF EXCUTION: 07/03/2023 13:10:29
----------------------------------------------------------------------
----------------------------------------------------------------------
----------------------------------------------------------------------
----------------------------------------------------------------------
----------------------------------------------------------------------



------------------------------------------------------------------------
------------------------------------------------------------------------
-----------------------  IMAGE SUPER RESOLUTION  -----------------------
------------------------------------------------------------------------
------------------------------------------------------------------------


DATE AND TIME OF EXCUTION: 07/03/2023 13:10:40
----------------------------------------------------------------------
----------------------------------------------------------------------
----------------------------------------------------------------------
----------------------------------------------------------------------
----------------------------------------------------------------------



------------------------------------------------------------------------
------------------------------------------------------------------------
-----------------------  IMAGE SUPER RESOLUTION  -----------------------
------------------------------------------------------------------------
------------------------------------------------------------------------


DATE AND TIME OF EXCUTION: 07/03/2023 13:11:04
----------------------------------------------------------------------
----------------------------------------------------------------------
----------------------------------------------------------------------
----------------------------------------------------------------------
----------------------------------------------------------------------



------------------------------------------------------------------------
------------------------------------------------------------------------
-----------------------  IMAGE SUPER RESOLUTION  -----------------------
------------------------------------------------------------------------
------------------------------------------------------------------------


DATE AND TIME OF EXCUTION: 07/03/2023 13:11:21
----------------------------------------------------------------------
----------------------------------------------------------------------
----------------------------------------------------------------------
----------------------------------------------------------------------
----------------------------------------------------------------------



------------------------------------------------------------------------
------------------------------------------------------------------------
-----------------------  IMAGE SUPER RESOLUTION  -----------------------
------------------------------------------------------------------------
------------------------------------------------------------------------


DATE AND TIME OF EXCUTION: 07/03/2023 13:14:26
----------------------------------------------------------------------
----------------------------------------------------------------------
----------------------------------------------------------------------
----------------------------------------------------------------------
----------------------------------------------------------------------



------------------------------------------------------------------------
------------------------------------------------------------------------
-----------------------  IMAGE SUPER RESOLUTION  -----------------------
------------------------------------------------------------------------
------------------------------------------------------------------------


DATE AND TIME OF EXCUTION: 07/03/2023 13:15:05
----------------------------------------------------------------------
----------------------------------------------------------------------
----------------------------------------------------------------------
----------------------------------------------------------------------
----------------------------------------------------------------------



------------------------------------------------------------------------
------------------------------------------------------------------------
-----------------------  IMAGE SUPER RESOLUTION  -----------------------
------------------------------------------------------------------------
------------------------------------------------------------------------


DATE AND TIME OF EXCUTION: 07/03/2023 13:15:26
----------------------------------------------------------------------
----------------------------------------------------------------------
----------------------------------------------------------------------
----------------------------------------------------------------------
----------------------------------------------------------------------



------------------------------------------------------------------------
------------------------------------------------------------------------
-----------------------  IMAGE SUPER RESOLUTION  -----------------------
------------------------------------------------------------------------
------------------------------------------------------------------------


DATE AND TIME OF EXCUTION: 07/03/2023 13:33:32
----------------------------------------------------------------------
----------------------------------------------------------------------
----------------------------------------------------------------------
----------------------------------------------------------------------
----------------------------------------------------------------------



------------------------------------------------------------------------
------------------------------------------------------------------------
-----------------------  IMAGE SUPER RESOLUTION  -----------------------
------------------------------------------------------------------------
------------------------------------------------------------------------


DATE AND TIME OF EXCUTION: 07/03/2023 13:34:10
----------------------------------------------------------------------
----------------------------------------------------------------------
----------------------------------------------------------------------
----------------------------------------------------------------------
----------------------------------------------------------------------



------------------------------------------------------------------------
------------------------------------------------------------------------
-----------------------  IMAGE SUPER RESOLUTION  -----------------------
------------------------------------------------------------------------
------------------------------------------------------------------------


DATE AND TIME OF EXCUTION: 07/03/2023 13:34:45
----------------------------------------------------------------------
----------------------------------------------------------------------
----------------------------------------------------------------------
----------------------------------------------------------------------
----------------------------------------------------------------------



------------------------------------------------------------------------
------------------------------------------------------------------------
-----------------------  IMAGE SUPER RESOLUTION  -----------------------
------------------------------------------------------------------------
------------------------------------------------------------------------


DATE AND TIME OF EXCUTION: 07/03/2023 13:35:07
----------------------------------------------------------------------
----------------------------------------------------------------------
----------------------------------------------------------------------
----------------------------------------------------------------------
----------------------------------------------------------------------



------------------------------------------------------------------------
------------------------------------------------------------------------
-----------------------  IMAGE SUPER RESOLUTION  -----------------------
------------------------------------------------------------------------
------------------------------------------------------------------------


DATE AND TIME OF EXCUTION: 07/03/2023 13:36:13
----------------------------------------------------------------------
----------------------------------------------------------------------
----------------------------------------------------------------------
----------------------------------------------------------------------
----------------------------------------------------------------------



------------------------------------------------------------------------
------------------------------------------------------------------------
-----------------------  IMAGE SUPER RESOLUTION  -----------------------
------------------------------------------------------------------------
------------------------------------------------------------------------


DATE AND TIME OF EXCUTION: 07/03/2023 13:37:34





----------------------------------------------------------------------
----------------------------------------------------------------------
----------------------------------------------------------------------
----------------------------------------------------------------------
----------------------------------------------------------------------



------------------------------------------------------------------------
------------------------------------------------------------------------
-----------------------  IMAGE SUPER RESOLUTION  -----------------------
------------------------------------------------------------------------
------------------------------------------------------------------------


DATE AND TIME OF EXCUTION: 06/04/2023 12:54:09

PSNR: 27.637094628970836
SSIM: 0.8769638083948947
LPIPS: 0.28544329903503457
----------------------------------------------------------------------
----------------------------------------------------------------------
----------------------------------------------------------------------
----------------------------------------------------------------------
----------------------------------------------------------------------



------------------------------------------------------------------------
------------------------------------------------------------------------
-----------------------  IMAGE SUPER RESOLUTION  -----------------------
------------------------------------------------------------------------
------------------------------------------------------------------------


DATE AND TIME OF EXCUTION: 06/04/2023 13:10:59
----------------------------------------------------------------------
----------------------------------------------------------------------
----------------------------------------------------------------------
----------------------------------------------------------------------
----------------------------------------------------------------------



------------------------------------------------------------------------
------------------------------------------------------------------------
-----------------------  IMAGE SUPER RESOLUTION  -----------------------
------------------------------------------------------------------------
------------------------------------------------------------------------


DATE AND TIME OF EXCUTION: 06/04/2023 13:11:35

BASELINE NN METRICS
PSNR: 25.3255439680144
SSIM: 0.8290800074539563
LPIPS: 0.3791714993738892

BASELINE BILINEAR INTERPOLATION METRICS
PSNR: 25.3255439680144
SSIM: 0.8290800074539563
LPIPS: 0.3791714993738892
----------------------------------------------------------------------
----------------------------------------------------------------------
----------------------------------------------------------------------
----------------------------------------------------------------------
----------------------------------------------------------------------



------------------------------------------------------------------------
------------------------------------------------------------------------
-----------------------  IMAGE SUPER RESOLUTION  -----------------------
------------------------------------------------------------------------
------------------------------------------------------------------------


DATE AND TIME OF EXCUTION: 06/04/2023 13:15:41

BASELINE NEAREST-NEIGHBOR METRICS
PSNR: 25.3255439680144
SSIM: 0.8290800074539563
LPIPS: 0.3791714993738892

BASELINE BILINEAR INTERPOLATION METRICS
PSNR: 25.3255439680144
SSIM: 0.8290800074539563
LPIPS: 0.3791714993738892

CNN METRICS
PSNR: 27.637094628970836
SSIM: 0.8769638083948947
LPIPS: 0.28544329903503457

GAN METRICS
PSNR: 23.231824956924527
SSIM: 0.8158136871781679
LPIPS: 0.2381790112888459
----------------------------------------------------------------------
----------------------------------------------------------------------
----------------------------------------------------------------------
----------------------------------------------------------------------
----------------------------------------------------------------------



------------------------------------------------------------------------
------------------------------------------------------------------------
-----------------------  IMAGE SUPER RESOLUTION  -----------------------
------------------------------------------------------------------------
------------------------------------------------------------------------


DATE AND TIME OF EXCUTION: 06/04/2023 15:57:43

BASELINE NEAREST-NEIGHBOR METRICS
PSNR: 25.3255439680144
SSIM: 0.8290800074539563
LPIPS: 0.3791714993738892

BASELINE BILINEAR INTERPOLATION METRICS
PSNR: 25.3255439680144
SSIM: 0.8290800074539563
LPIPS: 0.3791714993738892

CNN METRICS
PSNR: 27.637094628970836
SSIM: 0.8769638083948947
LPIPS: 0.28544329903503457

GAN METRICS
PSNR: 23.231824956924527
SSIM: 0.8158136871781679
LPIPS: 0.2381790112888459



